<?xml version="1.0" encoding="UTF-8"?>
<!-- Generated by org.testng.reporters.JUnitReportReporter -->
<testsuite hostname="Sai" failures="0" tests="1" name="testcases.LoginTest" time="14.435" errors="0" timestamp="26 Apr 2023 11:48:21 GMT" skipped="0">
  <testcase classname="testcases.LoginTest" name="test1" time="14.435"/>
</testsuite> <!-- testcases.LoginTest -->
