<?xml version="1.0" encoding="UTF-8"?>
<!-- Generated by org.testng.reporters.JUnitReportReporter -->
<testsuite hostname="Sai" failures="0" tests="1" name="testcases.HomePageTest" time="4.377" errors="0" timestamp="23 Apr 2023 05:23:29 GMT" skipped="0">
  <testcase classname="testcases.HomePageTest" name="test3" time="4.377"/>
</testsuite> <!-- testcases.HomePageTest -->
