<?xml version="1.0" encoding="UTF-8"?>
<!-- Generated by org.testng.reporters.JUnitReportReporter -->
<testsuite skipped="0" hostname="Sai" name="testcases.HomePageTest" tests="1" failures="0" timestamp="30 Apr 2023 06:47:41 GMT" time="5.502" errors="0">
  <testcase name="test3" time="5.502" classname="testcases.HomePageTest"/>
</testsuite> <!-- testcases.HomePageTest -->
