<?xml version="1.0" encoding="UTF-8"?>
<!-- Generated by org.testng.reporters.JUnitReportReporter -->
<testsuite skipped="0" hostname="Sai" name="testcases.LoginTest" tests="3" failures="0" timestamp="29 Apr 2023 07:08:44 GMT" time="58.778" errors="0">
  <testcase name="test4" time="16.702" classname="testcases.LoginTest"/>
  <testcase name="test2" time="18.979" classname="testcases.LoginTest"/>
  <testcase name="test1" time="23.097" classname="testcases.LoginTest"/>
</testsuite> <!-- testcases.LoginTest -->
